Arguments: 
  /Users/usa06/.nvm/versions/node/v10.15.3/bin/node /usr/local/Cellar/yarn/1.16.0/libexec/bin/yarn.js knex:migrate

PATH: 
  /Users/usa06/.nvm/versions/node/v10.15.3/bin:/usr/local/bin:/usr/bin:/bin:/usr/sbin:/sbin:/usr/local/MacGPG2/bin:/Users/usa06/.nvm/versions/node/v10.15.3/bin:/Users/usa06/flutter/bin:/Users/usa06/Library/Android/sdk/tools:/Users/usa06/Library/Android/sdk/platform-tools:/Library/Java/JavaVirtualMachines/jdk1.8.0_221.jdk/Contents/Home/:/Users/usa06/.rvm/bin:/Users/usa06/flutter/bin:/Users/usa06/Library/Android/sdk/tools:/Users/usa06/Library/Android/sdk/platform-tools:/Library/Java/JavaVirtualMachines/jdk1.8.0_221.jdk/Contents/Home/:/Users/usa06/.rvm/bin

Yarn version: 
  1.16.0

Node version: 
  10.15.3

Platform: 
  darwin x64

Trace: 
  SyntaxError: /Users/usa06/Documents/Uilton/projects/NLW/server/package.json: Unexpected token } in JSON at position 284
      at JSON.parse (<anonymous>)
      at /usr/local/Cellar/yarn/1.16.0/libexec/lib/cli.js:1625:59
      at Generator.next (<anonymous>)
      at step (/usr/local/Cellar/yarn/1.16.0/libexec/lib/cli.js:304:30)
      at /usr/local/Cellar/yarn/1.16.0/libexec/lib/cli.js:315:13

npm manifest: 
  {
    "name": "server",
    "version": "1.0.0",
    "description": "",
    "main": "index.js",
    "scripts": {
      "test": "echo \"Error: no test specified\" && exit 1",
      "dev": "ts-node-dev src/server.ts",
      "knex:migrate": "knex migrate:latest --knexfile knexfile.ts migrate:latest",
    },
    "keywords": [],
    "author": "",
    "license": "ISC",
    "dependencies": {
      "express": "^4.17.1",
      "knex": "^0.21.1",
      "sqlite3": "^4.2.0"
    },
    "devDependencies": {
      "@types/express": "^4.17.6",
      "ts-node": "^8.10.2",
      "ts-node-dev": "^1.0.0-pre.44",
      "typescript": "^3.9.3"
    }
  }

yarn manifest: 
  No manifest

Lockfile: 
  No lockfile
